[    0.000000] Initializing cgroup subsys cpuset
[    0.000000] Initializing cgroup subsys cpu
[    0.000000] Initializing cgroup subsys cpuacct
[    0.000000] Linux version 4.4.0-66-generic (buildd@lgw01-28) (gcc version 5.4.0 20160609 (Ubuntu 5.4.0-6ubuntu1~16.04.4) ) #87-Ubuntu SMP Fri Mar 3 15:29:05 UTC 2017 (Ubuntu 4.4.0-66.87-generic 4.4.44)
[    0.000000] Command line: BOOT_IMAGE=/boot/vmlinuz-4.4.0-66-generic root=LABEL=cloudimg-rootfs ro console=tty1 console=ttyS0
[    0.000000] KERNEL supported cpus:
[    0.000000]   Intel GenuineIntel
[    0.000000]   AMD AuthenticAMD
[    0.000000]   Centaur CentaurHauls
[    0.000000] x86/fpu: xstate_offset[2]:  576, xstate_sizes[2]:  256
[    0.000000] x86/fpu: Supporting XSAVE feature 0x01: 'x87 floating point registers'
[    0.000000] x86/fpu: Supporting XSAVE feature 0x02: 'SSE registers'
[    0.000000] x86/fpu: Supporting XSAVE feature 0x04: 'AVX registers'
[    0.000000] x86/fpu: Enabled xstate features 0x7, context size is 832 bytes, using 'standard' format.
[    0.000000] x86/fpu: Using 'lazy' FPU context switches.
[    0.000000] e820: BIOS-provided physical RAM map:
[    0.000000] BIOS-e820: [mem 0x0000000000000000-0x000000000009fbff] usable
[    0.000000] BIOS-e820: [mem 0x000000000009fc00-0x000000000009ffff] reserved
[    0.000000] BIOS-e820: [mem 0x00000000000f0000-0x00000000000fffff] reserved
[    0.000000] BIOS-e820: [mem 0x0000000000100000-0x000000003ffeffff] usable
[    0.000000] BIOS-e820: [mem 0x000000003fff0000-0x000000003fffffff] ACPI data
[    0.000000] BIOS-e820: [mem 0x00000000fec00000-0x00000000fec00fff] reserved
[    0.000000] BIOS-e820: [mem 0x00000000fee00000-0x00000000fee00fff] reserved
[    0.000000] BIOS-e820: [mem 0x00000000fffc0000-0x00000000ffffffff] reserved
[    0.000000] NX (Execute Disable) protection: active
[    0.000000] SMBIOS 2.5 present.
[    0.000000] Hypervisor detected: KVM
[    0.000000] e820: last_pfn = 0x3fff0 max_arch_pfn = 0x400000000
[    0.000000] MTRR: Disabled
[    0.000000] x86/PAT: MTRRs disabled, skipping PAT initialization too.
[    0.000000] x86/PAT: Configuration [0-7]: WB  WT  UC- UC  WB  WT  UC- UC  
[    0.000000] CPU MTRRs all blank - virtualized system.
[    0.000000] found SMP MP-table at [mem 0x0009fff0-0x0009ffff] mapped at [ffff88000009fff0]
[    0.000000] Scanning 1 areas for low memory corruption
[    0.000000] RAMDISK: [mem 0x36ad0000-0x3755ffff]
[    0.000000] ACPI: Early table checksum verification disabled
[    0.000000] ACPI: RSDP 0x00000000000E0000 000024 (v02 VBOX  )
[    0.000000] ACPI: XSDT 0x000000003FFF0030 00003C (v01 VBOX   VBOXXSDT 00000001 ASL  00000061)
[    0.000000] ACPI: FACP 0x000000003FFF00F0 0000F4 (v04 VBOX   VBOXFACP 00000001 ASL  00000061)
[    0.000000] ACPI: DSDT 0x000000003FFF0470 0021C8 (v02 VBOX   VBOXBIOS 00000002 INTL 20100528)
[    0.000000] ACPI: FACS 0x000000003FFF0200 000040
[    0.000000] ACPI: FACS 0x000000003FFF0200 000040
[    0.000000] ACPI: APIC 0x000000003FFF0240 00005C (v02 VBOX   VBOXAPIC 00000001 ASL  00000061)
[    0.000000] ACPI: SSDT 0x000000003FFF02A0 0001CC (v01 VBOX   VBOXCPUT 00000002 INTL 20100528)
[    0.000000] No NUMA configuration found
[    0.000000] Faking a node at [mem 0x0000000000000000-0x000000003ffeffff]
[    0.000000] NODE_DATA(0) allocated [mem 0x3ffeb000-0x3ffeffff]
[    0.000000] kvm-clock: Using msrs 4b564d01 and 4b564d00
[    0.000000] kvm-clock: cpu 0, msr 0:3ffe3001, primary cpu clock
[    0.000000] kvm-clock: using sched offset of 3189410354 cycles
[    0.000000] clocksource: kvm-clock: mask: 0xffffffffffffffff max_cycles: 0x1cd42e4dffb, max_idle_ns: 881590591483 ns
[    0.000000] Zone ranges:
[    0.000000]   DMA      [mem 0x0000000000001000-0x0000000000ffffff]
[    0.000000]   DMA32    [mem 0x0000000001000000-0x000000003ffeffff]
[    0.000000]   Normal   empty
[    0.000000]   Device   empty
[    0.000000] Movable zone start for each node
[    0.000000] Early memory node ranges
[    0.000000]   node   0: [mem 0x0000000000001000-0x000000000009efff]
[    0.000000]   node   0: [mem 0x0000000000100000-0x000000003ffeffff]
[    0.000000] Initmem setup node 0 [mem 0x0000000000001000-0x000000003ffeffff]
[    0.000000] ACPI: PM-Timer IO Port: 0x4008
[    0.000000] IOAPIC[0]: apic_id 2, version 32, address 0xfec00000, GSI 0-23
[    0.000000] ACPI: INT_SRC_OVR (bus 0 bus_irq 0 global_irq 2 dfl dfl)
[    0.000000] ACPI: INT_SRC_OVR (bus 0 bus_irq 9 global_irq 9 high level)
[    0.000000] Using ACPI (MADT) for SMP configuration information
[    0.000000] smpboot: Allowing 2 CPUs, 0 hotplug CPUs
[    0.000000] PM: Registered nosave memory: [mem 0x00000000-0x00000fff]
[    0.000000] PM: Registered nosave memory: [mem 0x0009f000-0x0009ffff]
[    0.000000] PM: Registered nosave memory: [mem 0x000a0000-0x000effff]
[    0.000000] PM: Registered nosave memory: [mem 0x000f0000-0x000fffff]
[    0.000000] e820: [mem 0x40000000-0xfebfffff] available for PCI devices
[    0.000000] Booting paravirtualized kernel on KVM
[    0.000000] clocksource: refined-jiffies: mask: 0xffffffff max_cycles: 0xffffffff, max_idle_ns: 7645519600211568 ns
[    0.000000] setup_percpu: NR_CPUS:512 nr_cpumask_bits:512 nr_cpu_ids:2 nr_node_ids:1
[    0.000000] PERCPU: Embedded 33 pages/cpu @ffff88003fc00000 s98264 r8192 d28712 u1048576
[    0.000000] PV qspinlock hash table entries: 256 (order: 0, 4096 bytes)
[    0.000000] Built 1 zonelists in Node order, mobility grouping on.  Total pages: 257913
[    0.000000] Policy zone: DMA32
[    0.000000] Kernel command line: BOOT_IMAGE=/boot/vmlinuz-4.4.0-66-generic root=LABEL=cloudimg-rootfs ro console=tty1 console=ttyS0
[    0.000000] PID hash table entries: 4096 (order: 3, 32768 bytes)
[    0.000000] Memory: 1001760K/1048120K available (8452K kernel code, 1293K rwdata, 3980K rodata, 1488K init, 1316K bss, 46360K reserved, 0K cma-reserved)
[    0.000000] SLUB: HWalign=64, Order=0-3, MinObjects=0, CPUs=2, Nodes=1
[    0.000000] Hierarchical RCU implementation.
[    0.000000] 	Build-time adjustment of leaf fanout to 64.
[    0.000000] 	RCU restricting CPUs from NR_CPUS=512 to nr_cpu_ids=2.
[    0.000000] RCU: Adjusting geometry for rcu_fanout_leaf=64, nr_cpu_ids=2
[    0.000000] NR_IRQS:33024 nr_irqs:440 16
[    0.000000] Console: colour VGA+ 80x25
[    0.000000] console [tty1] enabled
[    0.000000] console [ttyS0] enabled
[    0.000000] tsc: Detected 2194.918 MHz processor
[    7.853033] Calibrating delay loop (skipped) preset value.. 4389.83 BogoMIPS (lpj=8779672)
[    8.002397] pid_max: default: 32768 minimum: 301
[    8.065404] ACPI: Core revision 20150930
[    8.095802] ACPI: 2 ACPI AML tables successfully acquired and loaded
[    8.132821] Security Framework initialized
[    8.161833] Yama: becoming mindful.
[    8.162552] AppArmor: AppArmor initialized
[    8.176196] Dentry cache hash table entries: 131072 (order: 8, 1048576 bytes)
[    8.240174] Inode-cache hash table entries: 65536 (order: 7, 524288 bytes)
[    8.317137] Mount-cache hash table entries: 2048 (order: 2, 16384 bytes)
[    8.426807] Mountpoint-cache hash table entries: 2048 (order: 2, 16384 bytes)
[    8.537684] Initializing cgroup subsys io
[    8.584289] Initializing cgroup subsys memory
[    8.672254] Initializing cgroup subsys devices
[    8.752181] Initializing cgroup subsys freezer
[    8.828726] Initializing cgroup subsys net_cls
[    8.882005] Initializing cgroup subsys perf_event
[    8.939938] Initializing cgroup subsys net_prio
[    9.010885] Initializing cgroup subsys hugetlb
[    9.098524] Initializing cgroup subsys pids
[    9.201449] CPU: Physical Processor ID: 0
[    9.237350] CPU: Processor Core ID: 0
[    9.268471] mce: CPU supports 0 MCE banks
[    9.329735] Last level iTLB entries: 4KB 1024, 2MB 1024, 4MB 1024
[    9.447636] Last level dTLB entries: 4KB 1024, 2MB 1024, 4MB 1024, 1GB 4
[    9.579836] Freeing SMP alternatives memory: 32K (ffffffff820b9000 - ffffffff820c1000)
[    9.662859] ftrace: allocating 32123 entries in 126 pages
[    9.790858] smpboot: APIC(0) Converting physical 0 to logical package 0
[    9.910967] smpboot: Max logical packages: 1
[    9.995099] x2apic enabled
[   10.038515] Switched APIC routing to physical x2apic.
[   10.126055] ..TIMER: vector=0x30 apic1=0 pin1=2 apic2=-1 pin2=-1
[   10.356694] smpboot: CPU0: Intel(R) Core(TM) i7-4770HQ CPU @ 2.20GHz (family: 0x6, model: 0x46, stepping: 0x1)
[   10.508515] Performance Events: unsupported p6 CPU model 70 no PMU driver, software events only.
[   10.669698] KVM setup paravirtual spinlock
[   10.732722] x86: Booting SMP configuration:
[   10.802558] .... node  #0, CPUs:      #1
[   10.868511] kvm-clock: cpu 1, msr 0:3ffe3041, secondary cpu clock
[   10.913536] mce: CPU supports 0 MCE banks
[   10.939200] x86: Booted up 1 node, 2 CPUs
[   10.973655] smpboot: Total of 2 processors activated (8779.67 BogoMIPS)
[   11.008326] devtmpfs: initialized
[   11.027314] evm: security.selinux
[   11.076861] evm: security.SMACK64
[   11.099654] evm: security.SMACK64EXEC
[   11.121721] evm: security.SMACK64TRANSMUTE
[   11.172693] evm: security.SMACK64MMAP
[   11.197011] evm: security.ima
[   11.229182] evm: security.capability
[   11.273229] clocksource: jiffies: mask: 0xffffffff max_cycles: 0xffffffff, max_idle_ns: 7645041785100000 ns
[   11.377623] pinctrl core: initialized pinctrl subsystem
[   11.427209] RTC time: 14:49:21, date: 03/29/17
[   11.451262] NET: Registered protocol family 16
[   11.497063] cpuidle: using governor ladder
[   11.532806] cpuidle: using governor menu
[   11.587567] PCCT header not found.
[   11.618815] ACPI: bus type PCI registered
[   11.659552] acpiphp: ACPI Hot Plug PCI Controller Driver version: 0.5
[   11.695451] PCI: Using configuration type 1 for base access
[   11.774226] ACPI: Added _OSI(Module Device)
[   11.832197] ACPI: Added _OSI(Processor Device)
[   11.872937] ACPI: Added _OSI(3.0 _SCP Extensions)
[   11.909620] ACPI: Added _OSI(Processor Aggregator Device)
[   11.930391] ACPI: Executed 1 blocks of module-level executable AML code
[   12.009618] ACPI: Interpreter enabled
[   12.072000] ACPI: (supports S0 S5)
[   12.119517] ACPI: Using IOAPIC for interrupt routing
[   12.199158] PCI: Using host bridge windows from ACPI; if necessary, use "pci=nocrs" and report a bug
[   12.332257] ACPI: PCI Root Bridge [PCI0] (domain 0000 [bus 00-ff])
[   12.367092] acpi PNP0A03:00: _OSC: OS supports [ASPM ClockPM Segments MSI]
[   12.408800] acpi PNP0A03:00: _OSC failed (AE_NOT_FOUND); disabling ASPM
[   12.430675] acpi PNP0A03:00: fail to add MMCONFIG information, can't access extended PCI configuration space under this bridge.
[   12.476551] PCI host bridge to bus 0000:00
[   12.503195] pci_bus 0000:00: root bus resource [io  0x0000-0x0cf7 window]
[   12.537246] pci_bus 0000:00: root bus resource [io  0x0d00-0xffff window]
[   12.573970] pci_bus 0000:00: root bus resource [mem 0x000a0000-0x000bffff window]
[   12.621155] pci_bus 0000:00: root bus resource [mem 0x40000000-0xffdfffff window]
[   12.668502] pci_bus 0000:00: root bus resource [bus 00-ff]
[   12.749217] pci 0000:00:01.1: legacy IDE quirk: reg 0x10: [io  0x01f0-0x01f7]
[   12.807094] pci 0000:00:01.1: legacy IDE quirk: reg 0x14: [io  0x03f6]
[   12.889939] pci 0000:00:01.1: legacy IDE quirk: reg 0x18: [io  0x0170-0x0177]
[   13.007760] pci 0000:00:01.1: legacy IDE quirk: reg 0x1c: [io  0x0376]
[   13.082249] pci 0000:00:07.0: quirk: [io  0x4000-0x403f] claimed by PIIX4 ACPI
[   13.107818] pci 0000:00:07.0: quirk: [io  0x4100-0x410f] claimed by PIIX4 SMB
[   13.154021] ACPI: PCI Interrupt Link [LNKA] (IRQs 5 9 10 *11)
[   13.203833] ACPI: PCI Interrupt Link [LNKB] (IRQs 5 9 10 *11)
[   13.282081] ACPI: PCI Interrupt Link [LNKC] (IRQs 5 9 *10 11)
[   13.361292] ACPI: PCI Interrupt Link [LNKD] (IRQs 5 *9 10 11)
[   13.439320] ACPI: Enabled 2 GPEs in block 00 to 07
[   13.516360] vgaarb: setting as boot device: PCI:0000:00:02.0
[   13.602926] vgaarb: device added: PCI:0000:00:02.0,decodes=io+mem,owns=io+mem,locks=none
[   13.703991] vgaarb: loaded
[   13.730877] vgaarb: bridge control possible 0000:00:02.0
[   13.761367] SCSI subsystem initialized
[   13.788933] ACPI: bus type USB registered
[   13.812005] usbcore: registered new interface driver usbfs
[   13.893940] usbcore: registered new interface driver hub
[   13.967015] usbcore: registered new device driver usb
[   14.056415] PCI: Using ACPI for IRQ routing
[   14.135822] NetLabel: Initializing
[   14.214473] NetLabel:  domain hash size = 128
[   14.292161] NetLabel:  protocols = UNLABELED CIPSOv4
[   14.390931] NetLabel:  unlabeled traffic allowed by default
[   14.463450] amd_nb: Cannot enumerate AMD northbridges
[   14.544148] clocksource: Switched to clocksource kvm-clock
[   14.678309] AppArmor: AppArmor Filesystem Enabled
[   14.796542] pnp: PnP ACPI init
[   14.838254] pnp: PnP ACPI: found 3 devices
[   14.914741] clocksource: acpi_pm: mask: 0xffffff max_cycles: 0xffffff, max_idle_ns: 2085701024 ns
[   15.149156] NET: Registered protocol family 2
[   15.230587] TCP established hash table entries: 8192 (order: 4, 65536 bytes)
[   15.341010] TCP bind hash table entries: 8192 (order: 5, 131072 bytes)
[   15.508651] TCP: Hash tables configured (established 8192 bind 8192)
[   15.642146] UDP hash table entries: 512 (order: 2, 16384 bytes)
[   15.770572] UDP-Lite hash table entries: 512 (order: 2, 16384 bytes)
[   15.853164] NET: Registered protocol family 1
[   15.933566] pci 0000:00:00.0: Limiting direct PCI/PCI transfers
[   15.996440] pci 0000:00:01.0: Activating ISA DMA hang workarounds
[   16.144444] Trying to unpack rootfs image as initramfs...
[   17.920824] Freeing initrd memory: 10816K (ffff880036ad0000 - ffff880037560000)
[   18.096753] platform rtc_cmos: registered platform RTC device (no PNP device found)
[   18.222915] Scanning for low memory corruption every 60 seconds
[   18.372342] futex hash table entries: 512 (order: 3, 32768 bytes)
[   18.491588] audit: initializing netlink subsys (disabled)
[   18.570158] audit: type=2000 audit(1490798959.640:1): initialized
[   18.634244] Initialise system trusted keyring
[   18.642957] HugeTLB registered 2 MB page size, pre-allocated 0 pages
[   18.672595] zbud: loaded
[   18.721279] VFS: Disk quotas dquot_6.6.0
[   18.802803] VFS: Dquot-cache hash table entries: 512 (order 0, 4096 bytes)
[   18.925035] squashfs: version 4.0 (2009/01/31) Phillip Lougher
[   19.070102] fuse init (API version 7.23)
[   19.175125] tsc: Refined TSC clocksource calibration: 2194.919 MHz
[   19.255110] clocksource: tsc: mask: 0xffffffffffffffff max_cycles: 0x1fa372fc492, max_idle_ns: 440795285018 ns
[   19.255445] Key type big_key registered
[   19.255467] Allocating IMA MOK and blacklist keyrings.
[   19.436680] Key type asymmetric registered
[   19.436690] Asymmetric key parser 'x509' registered
[   19.436745] Block layer SCSI generic (bsg) driver version 0.4 loaded (major 249)
[   19.436772] io scheduler noop registered
[   19.436774] io scheduler deadline registered (default)
[   19.436800] io scheduler cfq registered
[   19.436947] pci_hotplug: PCI Hot Plug PCI Core version: 0.5
[   19.436952] pciehp: PCI Express Hot Plug Controller Driver version: 0.4
[   19.437292] ACPI: AC Adapter [AC] (on-line)
[   19.437342] input: Power Button as /devices/LNXSYSTM:00/LNXPWRBN:00/input/input0
[   19.437344] ACPI: Power Button [PWRF]
[   19.437407] input: Sleep Button as /devices/LNXSYSTM:00/LNXSLPBN:00/input/input1
[   19.437408] ACPI: Sleep Button [SLPF]
[   19.437545] GHES: HEST is not enabled!
[   19.438644] ACPI: Battery Slot [BAT0] (battery present)
[   19.438695] Serial: 8250/16550 driver, 32 ports, IRQ sharing enabled
[   19.536828] 00:02: ttyS0 at I/O 0x3f8 (irq = 4, base_baud = 115200) is a 16550A
[   19.659876] Linux agpgart interface v0.103
[   19.722105] brd: module loaded
[   19.722744] loop: module loaded
[   19.723228] scsi host0: ata_piix
[   19.723272] scsi host1: ata_piix
[   19.723295] ata1: PATA max UDMA/33 cmd 0x1f0 ctl 0x3f6 bmdma 0xd000 irq 14
[   19.723296] ata2: PATA max UDMA/33 cmd 0x170 ctl 0x376 bmdma 0xd008 irq 15
[   19.723357] libphy: Fixed MDIO Bus: probed
[   19.723359] tun: Universal TUN/TAP device driver, 1.6
[   19.723360] tun: (C) 1999-2004 Max Krasnyansky <maxk@qualcomm.com>
[   19.723626] PPP generic driver version 2.4.2
[   19.723672] ehci_hcd: USB 2.0 'Enhanced' Host Controller (EHCI) Driver
[   19.723676] ehci-pci: EHCI PCI platform driver
[   19.723698] ehci-platform: EHCI generic platform driver
[   19.723705] ohci_hcd: USB 1.1 'Open' Host Controller (OHCI) Driver
[   19.723707] ohci-pci: OHCI PCI platform driver
[   19.723714] ohci-platform: OHCI generic platform driver
[   19.723719] uhci_hcd: USB Universal Host Controller Interface driver
[   19.723766] i8042: PNP: PS/2 Controller [PNP0303:PS2K,PNP0f03:PS2M] at 0x60,0x64 irq 1,12
[   19.758491] serio: i8042 KBD port at 0x60,0x64 irq 1
[   19.758496] serio: i8042 AUX port at 0x60,0x64 irq 12
[   19.758599] mousedev: PS/2 mouse device common for all mice
[   19.758857] rtc_cmos rtc_cmos: rtc core: registered rtc_cmos as rtc0
[   19.758905] rtc_cmos rtc_cmos: alarms up to one day, 114 bytes nvram
[   19.758911] i2c /dev entries driver
[   19.758960] device-mapper: uevent: version 1.0.3
[   19.759002] device-mapper: ioctl: 4.34.0-ioctl (2015-10-28) initialised: dm-devel@redhat.com
[   19.759022] ledtrig-cpu: registered to indicate activity on CPUs
[   19.759261] NET: Registered protocol family 10
[   19.759401] NET: Registered protocol family 17
[   19.759410] Key type dns_resolver registered
[   19.890598] microcode: CPU0 sig=0x40661, pf=0x40, revision=0x0
[   19.890666] microcode: CPU1 sig=0x40661, pf=0x40, revision=0x0
[   19.890729] microcode: Microcode Update Driver: v2.01 <tigran@aivazian.fsnet.co.uk>, Peter Oruba
[   19.890848] registered taskstats version 1
[   19.890878] Loading compiled-in X.509 certificates
[   19.891459] Loaded X.509 cert 'Build time autogenerated kernel key: 32ca4feee90b5cde51f5f8c0e024b22f8c679982'
[   19.891479] zswap: loaded using pool lzo/zbud
[   19.892814] Key type trusted registered
[   19.894602] Key type encrypted registered
[   19.894606] AppArmor: AppArmor sha1 policy hashing enabled
[   19.894609] ima: No TPM chip found, activating TPM-bypass!
[   19.894624] evm: HMAC attrs: 0x1
[   19.894875]   Magic number: 9:433:840
[   19.953704] rtc_cmos rtc_cmos: setting system clock to 2017-03-29 14:49:30 UTC (1490798970)
[   19.953848] BIOS EDD facility v0.16 2004-Jun-25, 0 devices found
[   19.953848] EDD information not available.
[   20.413798] input: AT Translated Set 2 keyboard as /devices/platform/i8042/serio0/input/input2
[   24.826788] Freeing unused kernel memory: 1488K (ffffffff81f45000 - ffffffff820b9000)
[   24.871502] Write protecting the kernel read-only data: 14336k
[   24.905140] Freeing unused kernel memory: 1776K (ffff880001844000 - ffff880001a00000)
[   25.052708] Freeing unused kernel memory: 116K (ffff880001de3000 - ffff880001e00000)
Loading, please [   25.324050] random: systemd-udevd: uninitialized urandom read (16 bytes read, 4 bits of entropy available)
wait...
startin[   25.324665] random: udevadm: uninitialized urandom read (16 bytes read, 4 bits of entropy available)
g version 229
[   25.324695] random: udevadm: uninitialized urandom read (16 bytes read, 4 bits of entropy available)
[   25.324789] random: udevadm: uninitialized urandom read (16 bytes read, 4 bits of entropy available)
[   25.324822] random: udevadm: uninitialized urandom read (16 bytes read, 4 bits of entropy available)
[   25.324853] random: udevadm: uninitialized urandom read (16 bytes read, 4 bits of entropy available)
[   25.324887] random: udevadm: uninitialized urandom read (16 bytes read, 4 bits of entropy available)
[   25.324917] random: udevadm: uninitialized urandom read (16 bytes read, 4 bits of entropy available)
[   25.324945] random: udevadm: uninitialized urandom read (16 bytes read, 4 bits of entropy available)
[   25.324977] random: udevadm: uninitialized urandom read (16 bytes read, 4 bits of entropy available)
[   27.136612] e1000: Intel(R) PRO/1000 Network Driver - version 7.3.21-k8-NAPI
[   27.231301] e1000: Copyright (c) 1999-2006 Intel Corporation.
[   27.358740] Fusion MPT base driver 3.04.20
[   27.465229] Copyright (c) 1999-2008 LSI Corporation
[   27.566527] AVX version of gcm_enc/dec engaged.
[   27.644978] AES CTR mode by8 optimization enabled
[   27.691423] Fusion MPT SPI Host driver 3.04.20
[   27.783976] input: ImExPS/2 Generic Explorer Mouse as /devices/platform/i8042/serio1/input/input4
[   27.944992] e1000 0000:00:03.0 eth0: (PCI:33MHz:32-bit) 02:ed:55:e6:81:b9
[   28.047358] e1000 0000:00:03.0 eth0: Intel(R) PRO/1000 Network Connection
[   28.114835] mptbase: ioc0: Initiating bringup
[   28.145771] e1000 0000:00:03.0 enp0s3: renamed from eth0
[   28.208601] ioc0: LSI53C1030 A0: Capabilities={Initiator}
[   28.409666] scsi host2: ioc0: LSI53C1030 A0, FwRev=00000000h, Ports=1, MaxQ=256, IRQ=20
[   28.624774] scsi 2:0:0:0: Direct-Access     VBOX     HARDDISK         1.0  PQ: 0 ANSI: 5
[   28.674224] scsi target2:0:0: Beginning Domain Validation
[   28.683569] scsi target2:0:0: Domain Validation skipping write tests
[   28.684630] scsi target2:0:0: Ending Domain Validation
[   28.685578] scsi target2:0:0: asynchronous
[   28.686811] scsi 2:0:1:0: Direct-Access     VBOX     HARDDISK         1.0  PQ: 0 ANSI: 5
[   28.699286] scsi target2:0:1: Beginning Domain Validation
[   28.820353] scsi target2:0:1: Domain Validation skipping write tests
[   28.912700] scsi target2:0:1: Ending Domain Validation
[   28.968323] scsi target2:0:1: asynchronous
[   29.014113] sd 2:0:0:0: [sda] 20971520 512-byte logical blocks: (10.7 GB/10.0 GiB)
[   29.157342] sd 2:0:0:0: Attached scsi generic sg0 type 0
[   29.254065] sd 2:0:0:0: [sda] Write Protect is off
[   29.254510] sd 2:0:1:0: Attached scsi generic sg1 type 0
[   29.338717] sd 2:0:1:0: [sdb] 20480 512-byte logical blocks: (10.5 MB/10.0 MiB)
[   29.338883] sd 2:0:0:0: [sda] Incomplete mode parameter data
[   29.338884] sd 2:0:0:0: [sda] Assuming drive cache: write through
[   29.515582]  sda: sda1
[   29.516549] sd 2:0:0:0: [sda] Attached SCSI disk
[   29.720816] sd 2:0:1:0: [sdb] Write Protect is off
[   29.791268] sd 2:0:1:0: [sdb] Incomplete mode parameter data
[   29.934610] sd 2:0:1:0: [sdb] Assuming drive cache: write through
[   30.082650] sd 2:0:1:0: [sdb] Attached SCSI disk
[   30.689146] floppy0: no floppy controllers found
[   30.806904] work still pending
Begin: Loading e[   32.190365] md: linear personality registered for level -1
ssential drivers[   32.303844] md: multipath personality registered for level -4
 ... [   32.382034] md: raid0 personality registered for level 0
[   32.535131] md: raid1 personality registered for level 1
[   32.692316] raid6: sse2x1   gen()  8558 MB/s
[   32.764265] raid6: sse2x1   xor()  6820 MB/s
[   32.920246] raid6: sse2x2   gen() 11550 MB/s
[   33.057653] raid6: sse2x2   xor()  8311 MB/s
[   33.228665] raid6: sse2x4   gen() 14232 MB/s
[   33.412182] raid6: sse2x4   xor()  9699 MB/s
[   33.541201] raid6: using algorithm sse2x4 gen() 14232 MB/s
[   33.670249] raid6: .... xor() 9699 MB/s, rmw enabled
[   33.756184] raid6: using ssse3x2 recovery algorithm
[   33.779661] xor: automatically using best checksumming function:
[   33.852161]    avx       : 21239.000 MB/sec
[   33.890530] async_tx: api initialized (async)
[   33.988478] md: raid6 personality registered for level 6
[   34.102091] md: raid5 personality registered for level 5
[   34.209014] md: raid4 personality registered for level 4
[   34.327851] md: raid10 personality registered for level 10
done.
Begin: Running /scripts/init-p[   34.442502] Btrfs loaded
remount ... done.
Begin: Mounting root file system ... Begin: Running /scripts/local-top ... done.
Begin: Running /scripts/local-premount ... Scanning for Btrfs filesystems
done.
Warning: fsck no[   34.540994] EXT4-fs (sda1): INFO: recovery required on readonly filesystem
t present, so sk[   34.728734] EXT4-fs (sda1): write access will be enabled during recovery
ipping root file system
[   34.996451] EXT4-fs (sda1): recovery complete
[   35.071475] EXT4-fs (sda1): mounted filesystem with ordered data mode. Opts: (null)
done.
Begin: Running /scripts/local-bottom ... done.
Begin: Running /scripts/init-bottom ... done.
[   35.321188] systemd[1]: systemd 229 running in system mode. (+PAM +AUDIT +SELINUX +IMA +APPARMOR +SMACK +SYSVINIT +UTMP +LIBCRYPTSETUP +GCRYPT +GNUTLS +ACL +XZ -LZ4 +SECCOMP +BLKID +ELFUTILS +KMOD -IDN)
[   35.695010] systemd[1]: Detected virtualization oracle.
[   35.738069] systemd[1]: Detected architecture x86-64.

Welcome to [1mUbuntu 16.04.2 LTS[0m!

[   35.877335] systemd[1]: Set hostname to <ubuntu-xenial>.
[   36.084813] random: nonblocking pool is initialized
[   36.215619] systemd[1]: Listening on udev Control Socket.
[[0;32m  OK  [0m] Listening on udev Control Socket.
[   36.392490] systemd[1]: Listening on Journal Socket (/dev/log).
[[0;32m  OK  [0m] Listening on Journal Socket (/dev/log).
[   36.580766] systemd[1]: Set up automount Arbitrary Executable File Formats File System Automount Point.
[[0;32m  OK  [0m] Set up automount Arbitrary Executab...ats File System Automount Point.
[   36.881272] systemd[1]: Created slice System Slice.
[[0;32m  OK  [0m] Created slice System Slice.
[   37.024592] systemd[1]: Listening on Journal Socket.
[[0;32m  OK  [0m] Listening on Journal Socket.
[   37.128355] systemd[1]: Mounting Huge Pages File System...
         Mounting Huge Pages File System...
[   37.221003] systemd[1]: Mounting Debug File System...
         Mounting Debug File System...
[   37.377013] systemd[1]: Starting Set console keymap...
         Starting Set console keymap...
[   37.513154] systemd[1]: Reached target Swap.
[[0;32m  OK  [0m] Reached target Swap.
[   37.720459] systemd[1]: Starting Uncomplicated firewall...
         Starting Uncomplicated firewall...
[   37.820901] systemd[1]: Created slice system-serial\x2dgetty.slice.
[[0;32m  OK  [0m] Created slice system-serial\x2dgetty.slice.
[   38.048935] systemd[1]: Listening on Syslog Socket.
[[0;32m  OK  [0m] Listening on Syslog Socket.
[   38.152504] systemd[1]: Listening on /dev/initctl Compatibility Named Pipe.
[[0;32m  OK  [0m] Listening on /dev/initctl Compatibility Named Pipe.
[   38.276462] systemd[1]: Listening on Device-mapper event daemon FIFOs.
[[0;32m  OK  [0m] Listening on Device-mapper event daemon FIFOs.
[   38.357123] systemd[1]: Created slice User and Session Slice.
[[0;32m  OK  [0m] Created slice User and Session Slice.
[   38.532545] systemd[1]: Reached target Slices.
[[0;32m  OK  [0m] Reached target Slices.
[   38.688735] systemd[1]: Starting Nameserver information manager...
         Starting Nameserver information manager...
[   38.864893] systemd[1]: Reached target Encrypted Volumes.
[[0;32m  OK  [0m] Reached target Encrypted Volumes.
[   39.040769] systemd[1]: Starting Load Kernel Modules...
[   39.112824] Loading iSCSI transport class v2.0-870.
         Startin[   39.176014] iscsi: registered transport (tcp)
g Load Kernel Modules...
[   39.284501] systemd[1]: Started Forward Password Requests to Wall Directory Watch.
[[0;32m  OK  [0[   39.391507] iscsi: registered transport (iser)
m] Started Forward Password Requests to Wall Directory Watch.
[   39.429022] systemd[1]: Starting Create list of required static device nodes for the current kernel...
         Starting Create list of required st... nodes for the current kernel...
[   39.692663] systemd[1]: Listening on LVM2 metadata daemon socket.
[[0;32m  OK  [0m] Listening on LVM2 metadata daemon socket.
[   39.880915] systemd[1]: Starting Monitoring of LVM2 mirrors, snapshots etc. using dmeventd or progress polling...
         Starting Monitoring of LVM2 mirrors... dmeventd or progress polling...
[   40.110038] systemd[1]: Mounting POSIX Message Queue File System...
         Mounting POSIX Message Queue File System...
[   40.220636] systemd[1]: Reached target User and Group Name Lookups.
[[0;32m  OK  [0m] Reached target User and Group Name Lookups.
[   40.392667] systemd[1]: Listening on udev Kernel Socket.
[[0;32m  OK  [0m] Listening on udev Kernel Socket.
[   40.420509] systemd[1]: Listening on LVM2 poll daemon socket.
[[0;32m  OK  [0m] Listening on LVM2 poll daemon socket.
[   40.492669] systemd[1]: Listening on Journal Audit Socket.
[[0;32m  OK  [0m] Listening on Journal Audit Socket.
[   40.620054] systemd[1]: Starting Journal Service...
         Starting Journal Service...
[   40.728663] systemd[1]: Starting Remount Root and Kernel File Systems...
         [   40.866680] EXT4-fs (sda1): re-mounted. Opts: (null)
Starting Remount Root and Kernel File Systems...
[   41.057152] systemd[1]: Mounted POSIX Message Queue File System.
[[0;32m  OK  [0m] Mounted POSIX Message Queue File System.
[   41.244970] systemd[1]: Mounted Huge Pages File System.
[[0;32m  OK  [0m] Mounted Huge Pages File System.
[   41.372734] systemd[1]: Mounted Debug File System.
[[0;32m  OK  [0m] Mounted Debug File System.
[   41.533330] systemd[1]: Started Journal Service.
[[0;32m  OK  [0m] Started Journal Service.
[[0;32m  OK  [0m] Started Set console keymap.
[[0;32m  OK  [0m] Started Uncomplicated firewall.
[[0;32m  OK  [0m] Started Load Kernel Modules.
[[0;32m  OK  [0m] Started Create list of required sta...ce nodes for the current kernel.
[[0;32m  OK  [0m] Started Remount Root and Kernel File Systems.
[[0;32m  OK  [0m] Started Nameserver information manager.
[[0;32m  OK  [0m] Started LVM2 metadata daemon.
         Starting udev Coldplug all Devices...
         Starting Load/Save Random Seed...
         Starting Initial cloud-init job (pre-networking)...
         Starting Create Static Device Nodes in /dev...
         Mounting FUSE Control File System...
         Starting Apply Kernel Variables...
         Starting Flush Journal to Persistent Storage...
[[0;32m  OK  [0m] Mounted FUSE Control File System.
[[0;32m  OK  [0m] Started Monitoring of LVM2 mirrors,...ng dmeventd or progress polling.
[[0;32m  OK  [0m] Started Load/Save Random Seed.
[[0;32m  OK  [0m] Started Create Static Device Nodes in /dev.
[[0;32m  OK  [0m] Started Apply Kernel Variables.
[[0;32m  OK  [0m] Started udev Coldplug all Devices.
[[0;32m  OK  [0m] Started Flush Journal to Persistent Storage.
         Starting udev Kernel Device Manager...
[[0;32m  OK  [0m] Started udev Kernel Device Manager.
[[0;32m  OK  [0m] Started Dispatch Password Requests to Console Directory Watch.
[[0;32m  OK  [0m] Reached target Local File Systems (Pre).
[[0;32m  OK  [0m] Reached target Local File Systems.
         Starting Set console font and keymap...
         Starting Create Volatile Files and Directories...
         Starting Tell Plymouth To Write Out Runtime Data...
         Starting LSB: AppArmor initialization...
[[0;32m  OK  [0m] Started Create Volatile Files and Directories.
[[0;32m  OK  [0m] Started Tell Plymouth To Write Out Runtime Data.
[[0;32m  OK  [0m] Found device /dev/ttyS0.
[   29.339013] cloud-init[482]: Cloud-init v. 0.7.9 running 'init-local' at Wed, 29 Mar 2017 14:49:53 +0000. Up 28.86 seconds.
[[0;32m  OK  [0m] Started Set console font and keymap.
[[0;32m  OK  [0m] Started LSB: AppArmor initialization.
[[0;32m  OK  [0m] Started Initial cloud-init job (pre-networking).
[[0;32m  OK  [0m] Listening on Load/Save RF Kill Switch Status /dev/rfkill Watch.
[[0;32m  OK  [0m] Reached target Network (Pre).
         Starting Raise network interfaces...
[[0;32m  OK  [0m] Created slice system-getty.slice.
[[0;32m  OK  [0m] Started ifup for enp0s3.
         Starting Update UTMP about System Boot/Shutdown...
[[0;32m  OK  [0m] Reached target System Time Synchronized.
[[0;32m  OK  [0m] Started Update UTMP about System Boot/Shutdown.
[[0;32m  OK  [0m] Started Raise network interfaces.
[[0;32m  OK  [0m] Reached target Network.
         Starting Initial cloud-init job (metadata service crawler)...
[   32.392031] cloud-init[1059]: Cloud-init v. 0.7.9 running 'init' at Wed, 29 Mar 2017 14:49:56 +0000. Up 32.16 seconds.
[   32.496792] cloud-init[1059]: ci-info: +++++++++++++++++++++++++++++++++++++Net device info++++++++++++++++++++++++++++++++++++++
[   32.584018] cloud-init[1059]: ci-info: +--------+------+----------------------------+---------------+-------+-------------------+
[[0;32m  OK  [0m] Started Initial cloud-init job (metadata service crawler).
[[0;32m  OK  [0m] Reached target Network is Online.
[   32.678990] cloud-init[1059]: ci-info: | Device |  Up  |          Address           |      Mask     | Scope |     Hw-Address    |
[   32.868439]          cloud-initStarting iSCSI initiator daemon (iscsid)...[1059]: 
ci-info: +--------+------+----------------------------+---------------+-------+-------------------+
[   33.016850] [cloud-init[0;32m  OK  [0m[1059]: ] ci-info: | enp0s3 | True |         10.0.2.15          | 255.255.255.0 |   .   | 02:ed:55:e6:81:b9 |Reached target Cloud-config availability.

[[0;32m  OK  [0m] Reached target System Initialization.
[[0;32m  OK  [0m] Started Trigger resolvconf update for networkd DNS.
[   33.017600] cloud-init[1059]: ci-info: | enp0s3 | True | fe80::ed:55ff:fee6:81b9/64 |       .       |  link | 02:ed:55:e6:81:b9 |
[   33.320373] [cloud-init[0;32m  OK  [0m[1059]: ] ci-info: |   lo   | True |         127.0.0.1          |   255.0.0.0   |   .   |         .         |Started Daily apt activities.

[[0;32m  OK  [0m] Listening on D-Bus System Message Bus Socket.
[[0;32m  OK  [0m] Listening on UUID daemon activation socket.
[   33.320863] cloud-init[1059]: ci-info: |   lo   | True |          ::1/128           |       .       |  host |         .         |
[   33.621054] [cloud-init[0;32m  OK  [0m[1059]: ] ci-info: +--------+------+----------------------------+---------------+-------+-------------------+Started Daily Cleanup of Temporary Directories.

[   33.621648] cloud-init[1059]: ci-info: +++++++++++++++++++++++++++Route IPv4 info++++++++++++++++++++++++++++
[   33.840609]          cloud-initStarting LXD - unix socket.[1059]: 
ci-info: +-------+-------------+----------+---------------+-----------+-------+
[   33.940663]          cloud-initStarting Socket activation for snappy daemon.[1059]: 
ci-info: | Route | Destination | Gateway  |    Genmask    | Interface | Flags |
[   34.056362] [cloud-init[0;32m  OK  [0m[1059]: ] ci-info: +-------+-------------+----------+---------------+-----------+-------+Started Timer to automatically refresh installed snaps.

[[0;32m  OK  [0m] Reached target Timers.
[[0;32m  OK  [0m] Listening on ACPID Listen Socket.
[   34.056960] cloud-init[1059]: ci-info: |   0   |   0.0.0.0   | 10.0.2.2 |    0.0.0.0    |   enp0s3  |   UG  |
[   34.312429] [cloud-init[0;32m  OK  [0m[1059]: ] ci-info: |   1   |   10.0.2.0  | 0.0.0.0  | 255.255.255.0 |   enp0s3  |   U   |Started ACPI Events Check.

[   34.312977] [cloud-init[0;32m  OK  [0m[1059]: ] ci-info: +-------+-------------+----------+---------------+-----------+-------+Reached target Paths.

[[0;32m  OK  [0m] Listening on LXD - unix socket.
[[0;32m  OK  [0m] Listening on Socket activation for snappy daemon.
[[0;32m  OK  [0m] Started iSCSI initiator daemon (iscsid).
         Starting Login to default iSCSI targets...
[[0;32m  OK  [0m] Reached target Sockets.
[[0;32m  OK  [0m] Reached target Basic System.
         Starting Login Service...
         Starting LSB: Record successful boot for GRUB...
[[0;32m  OK  [0m] Started Snappy daemon.
[[0;32m  OK  [0m] Started FUSE filesystem for LXC.
[[0;32m  OK  [0m] Started ACPI event daemon.
         Starting /etc/rc.local Compatibility...
[[0;32m  OK  [0m] Started D-Bus System Message Bus.
         Starting Auto import assertions from block devices...
         Starting System Logging Service...
[[0;32m  OK  [0m] Started Deferred execution scheduler.
         Starting Apply the settings specified in cloud-config...
[[0;32m  OK  [0m] Started Regular background program processing daemon.
         Starting Accounts Service...
         Starting LXD - container startup/shutdown...
         Starting OpenBSD Secure Shell server...
         Starting LSB: MD monitoring daemon...
[   35.537915] cloud-init[1157]: Cloud-init v. 0.7.9 running 'modules:config' at Wed, 29 Mar 2017 14:49:59 +0000. Up 35.44 seconds.
         Starting Daily apt activities...
[[0;32m  OK  [0m] Started System Logging Service.
[[0;32m  OK  [0m] Started OpenBSD Secure Shell server.
[[0;32m  OK  [0m] Started /etc/rc.local Compatibility.
[[0;32m  OK  [0m] Started Auto import assertions from block devices.
[[0;32m  OK  [0m] Started Apply the settings specified in cloud-config.
[[0;32m  OK  [0m] Started LXD - container startup/shutdown.
[[0;32m  OK  [0m] Started Login to default iSCSI targets.
[[0;32m  OK  [0m] Started LSB: Record successful boot for GRUB.
[[0;32m  OK  [0m] Started Login Service.
[[0;32m  OK  [0m] Started LSB: MD monitoring daemon.
         Starting Authenticate and Authorize Users to Run Privileged Tasks...
[[0;32m  OK  [0m] Reached target Remote File Systems (Pre).
[[0;32m  OK  [0m] Reached target Remote File Systems.
         Starting LSB: Set the CPU Frequency Scaling governor to "ondemand"...
         Starting LSB: daemon to balance interrupts for SMP systems...
         Starting Permit User Sessions...
         Starting LSB: automatic crash report generation...
         Starting LSB: VirtualBox Linux Additions...
[[0;32m  OK  [0m] Started Permit User Sessions.
[[0;32m  OK  [0m] Started Authenticate and Authorize Users to Run Privileged Tasks.
[[0;32m  OK  [0m] Started Accounts Service.
[[0;32m  OK  [0m] Started LSB: Set the CPU Frequency Scaling governor to "ondemand".
         Starting Terminate Plymouth Boot Screen...
         Starting Hold until boot process finishes up...
[[0;32m  OK  [0m] Started LSB: daemon to balance interrupts for SMP systems.
[[0;32m  OK  [0m] Started LSB: automatic crash report generation.
[[0;32m  OK  [0m] Started LSB: VirtualBox Linux Additions.
[[0;32m  OK  [0m] Started Terminate Plymouth Boot Screen.
[[0;32m  OK  [0m] Started Hold until boot process finishes up.
[[0;32m  OK  [0m] Created slice User Slice of ubuntu.
         Starting User Manager for UID 1000...
[[0;32m  OK  [0m] Started Session 1 of user ubuntu.
         Starting Set console scheme...
[[0;32m  OK  [0m] Started Getty on tty1.
[[0;32m  OK  [0m] Started Serial Getty on ttyS0.
[[0;32m  OK  [0m] Reached target Login Prompts.
[[0;32m  OK  [0m] Reached target Multi-User System.
[[0;32m  OK  [0m] Reached target Graphical Interface.
         Starting Update UTMP about System Runlevel Changes...
         Starting Execute cloud user/final scripts...
[[0;32m  OK  [0m] Started User Manager for UID 1000.
[[0;32m  OK  [0m] Started Set console scheme.
[[0;32m  OK  [0m] Started Update UTMP about System Runlevel Changes.
[   37.924262] cloud-init[1466]: Cloud-init v. 0.7.9 running 'modules:final' at Wed, 29 Mar 2017 14:50:02 +0000. Up 37.82 seconds.
[   37.968361] cloud-init[1466]: Cloud-init v. 0.7.9 finished at Wed, 29 Mar 2017 14:50:02 +0000. Datasource DataSourceNoCloud [seed=/dev/sdb][dsmode=net].  Up 37.91 seconds
[[0;32m  OK  [0m] Started Execute cloud user/final scripts.
[[0;32m  OK  [0m] Reached target Cloud-init target.

Ubuntu 16.04.2 LTS ubuntu-xenial ttyS0

ubuntu-xenial login: [[0;32m  OK  [0m] Started ACPI event daemon.
[[0;32m  OK  [0m] Started ACPI event daemon.
[[0;32m  OK  [0m] Started ACPI event daemon.
[[0;32m  OK  [0m] Started ACPI event daemon.
[[0;32m  OK  [0m] Started Daily apt activities.
